#
# A fatal error has been detected by the Java Runtime Environment:
#
#  EXCEPTION_ACCESS_VIOLATION (0xc0000005) at pc=0x00007ffc2549116d, pid=4000, tid=4512
#
# JRE version: OpenJDK Runtime Environment (18.0.2.1+1) (build 18.0.2.1+1-1)
# Java VM: OpenJDK 64-Bit Server VM (18.0.2.1+1-1, mixed mode, sharing, tiered, compressed oops, compressed class ptrs, g1 gc, windows-amd64)
# Problematic frame:
# V  [jvm.dll+0x35116d]
#
# No core dump will be written. Minidumps are not enabled by default on client versions of Windows
#
# If you would like to submit a bug report, please visit:
#   https://bugreport.java.com/bugreport/crash.jsp
#

---------------  S U M M A R Y ------------

Command Line: -ea -Didea.test.cyclic.buffer.size=1048576 -javaagent:C:\Program Files\JetBrains\IntelliJ IDEA Community Edition 2021.3.3\lib\idea_rt.jar=58331:C:\Program Files\JetBrains\IntelliJ IDEA Community Edition 2021.3.3\bin -Dfile.encoding=UTF-8 com.intellij.rt.junit.JUnitStarter -ideVersion5 -junit5 spoonacular.SomeTest,bTest

Host: AMD Ryzen 3 2200G with Radeon Vega Graphics    , 4 cores, 15G,  Windows 10 , 64 bit Build 19041 (10.0.19041.1889)
Time: Wed Sep 14 19:53:53 2022  Windows 10 , 64 bit Build 19041 (10.0.19041.1889) elapsed time: 1.877572 seconds (0d 0h 0m 1s)

---------------  T H R E A D  ---------------

Current thread (0x000001f99aa293e0):  JavaThread "C2 CompilerThread0" daemon [_thread_in_native, id=4512, stack(0x00000071a0900000,0x00000071a0a00000)]


Current CompileTask:
C2:   1877 2126       4       jdk.internal.org.objectweb.asm.Frame::execute (2305 bytes)

Stack: [0x00000071a0900000,0x00000071a0a00000],  sp=0x00000071a09fb560,  free space=1005k
Native frames: (J=compiled Java code, j=interpreted, Vv=VM code, C=native code)
V  [jvm.dll+0x35116d]
V  [jvm.dll+0x352326]
V  [jvm.dll+0x34fc6a]
V  [jvm.dll+0x34f30a]
V  [jvm.dll+0x230101]
V  [jvm.dll+0x22f4d1]
V  [jvm.dll+0x1ba01c]
V  [jvm.dll+0x23ee0a]
V  [jvm.dll+0x23d0f5]
V  [jvm.dll+0x7a6dd1]
V  [jvm.dll+0x7a120a]
V  [jvm.dll+0x698255]
C  [ucrtbase.dll+0x21bb2]
C  [KERNEL32.DLL+0x17034]
C  [ntdll.dll+0x52651]


siginfo: EXCEPTION_ACCESS_VIOLATION (0xc0000005), reading address 0xffffffffffffffff


Register to memory mapping:

RIP=0x00007ffc2549116d jvm.dll
RAX=0x000001f99fdd70b0 points into unknown readable memory: 0x00007ffc25a27370 | 70 73 a2 25 fc 7f 00 00
RBX=0x001001f99ec82b70 is an unknown value
RCX=0x000001f99fa52ef0 points into unknown readable memory: 0x000001f99aa87d90 | 90 7d a8 9a f9 01 00 00
RDX=0x00000000000002a5 is an unknown value
RSP=0x00000071a09fb560 is pointing into the stack for thread: 0x000001f99aa293e0
RBP=0x0 is NULL
RSI=0x0 is NULL
RDI=0x0 is NULL
R8 =0x00000071a09fb6a8 is pointing into the stack for thread: 0x000001f99aa293e0
R9 =0x0 is NULL
R10=0x000001f99f2c9310 points into unknown readable memory: 0x000001f99ecf0d70 | 70 0d cf 9e f9 01 00 00
R11=0x000001f99f2c9330 points into unknown readable memory: 0x000001f99ec82900 | 00 29 c8 9e f9 01 00 00
R12=0x000001f99aa55700 points into unknown readable memory: 0x000001f99fa42f00 | 00 2f a4 9f f9 01 00 00
R13=0x000001f99ec82900 points into unknown readable memory: 0x00007ffc259bc010 | 10 c0 9b 25 fc 7f 00 00
R14=0x000001f99ec82e88 points into unknown readable memory: 0x00007ffc259bc010 | 10 c0 9b 25 fc 7f 00 00
R15=0x00000071a09fb5c0 is pointing into the stack for thread: 0x000001f99aa293e0


Registers:
RAX=0x000001f99fdd70b0, RBX=0x001001f99ec82b70, RCX=0x000001f99fa52ef0, RDX=0x00000000000002a5
RSP=0x00000071a09fb560, RBP=0x0000000000000000, RSI=0x0000000000000000, RDI=0x0000000000000000
R8 =0x00000071a09fb6a8, R9 =0x0000000000000000, R10=0x000001f99f2c9310, R11=0x000001f99f2c9330
R12=0x000001f99aa55700, R13=0x000001f99ec82900, R14=0x000001f99ec82e88, R15=0x00000071a09fb5c0
RIP=0x00007ffc2549116d, EFLAGS=0x0000000000010246

Top of Stack: (sp=0x00000071a09fb560)
0x00000071a09fb560:   000001f99ec82900 000001f99ec82900
0x00000071a09fb570:   00000071a09fbae0 000001f99ec82900
0x00000071a09fb580:   000001f99ec82900 000001f99fa52ef0
0x00000071a09fb590:   00000071a09fbae0 00007ffc25492326
0x00000071a09fb5a0:   000001f99ecf0de0 000001f99ec829a8
0x00000071a09fb5b0:   000001f99fdd70b0 000001f99ec82901
0x00000071a09fb5c0:   00000071a09fb6a8 00000071a09fb688
0x00000071a09fb5d0:   00000071a09fbae0 000001f99aa26490
0x00000071a09fb5e0:   000001f99aa26490 0000000000000000
0x00000071a09fb5f0:   00000071a09fbae0 00000000000007e9
0x00000071a09fb600:   00000071a09fb710 00007ffc2548fc6a
0x00000071a09fb610:   000001f99f8400c8 000001f99f845fe8
0x00000071a09fb620:   000001f99f529ef0 0000000000000000
0x00000071a09fb630:   000000000c00020e 0000000000000000
0x00000071a09fb640:   000001f9f62f0000 000001f97508d6ab
0x00000071a09fb650:   0000000000008010 0000000002000002 

Instructions: (pc=0x00007ffc2549116d)
0x00007ffc2549106d:   48 8b 6c 24 48 48 8b 74 24 50 48 83 c4 20 41 5f
0x00007ffc2549107d:   41 5e 5f e9 1b 18 00 00 cc cc cc cc cc cc cc cc
0x00007ffc2549108d:   cc cc cc 41 57 48 83 ec 30 48 8b 51 08 4c 8b f9
0x00007ffc2549109d:   4c 8b 02 49 8b c0 48 2b 42 10 48 83 c0 10 48 c1
0x00007ffc254910ad:   e8 04 85 c0 75 09 33 c0 48 83 c4 30 41 5f c3 48
0x00007ffc254910bd:   89 5c 24 40 49 8d 40 f0 48 89 6c 24 48 48 89 74
0x00007ffc254910cd:   24 50 48 89 7c 24 58 4c 89 64 24 28 4d 8b 20 4c
0x00007ffc254910dd:   89 74 24 20 4d 8b f4 49 83 e6 fe 41 80 e4 01 41
0x00007ffc254910ed:   8b 7e 20 41 39 78 08 41 0f 42 78 08 48 89 02 0f
0x00007ffc254910fd:   1f 40 00 41 8b 76 28 8b de 49 8b 2f c1 eb 05 3b
0x00007ffc2549110d:   5d 00 72 0a 8b d3 48 8b cd e8 f5 d1 48 00 48 8b
0x00007ffc2549111d:   45 08 83 e6 1f 48 8d 14 98 8b 04 98 0f ab f0 89
0x00007ffc2549112d:   02 41 8b 46 2c 24 0f 3c 08 75 09 49 8b 46 08 48
0x00007ffc2549113d:   8b 08 eb 03 49 8b ce 49 8b 47 10 33 f6 8b 51 28
0x00007ffc2549114d:   48 8b 48 78 48 8b 04 d1 8b 68 68 85 ff 0f 84 b2
0x00007ffc2549115d:   00 00 00 49 8b 5e 10 ff cf 4d 8b 07 48 8b 1c fb
0x00007ffc2549116d:   8b 4b 28 8b c1 c1 e8 05 41 3b 00 73 11 8b d0 83
0x00007ffc2549117d:   e1 1f 49 8b 40 08 8b 04 90 0f a3 c8 72 47 8b 43
0x00007ffc2549118d:   2c 24 0f 3c 08 75 09 48 8b 43 08 4c 8b 00 eb 03
0x00007ffc2549119d:   4c 8b c3 49 8b 47 10 41 8b 50 28 48 8b 48 78 48
0x00007ffc254911ad:   8b 04 d1 39 68 68 72 1d 75 0b 41 8b 40 2c 83 e0
0x00007ffc254911bd:   0f 3c 0c 74 10 48 8b cb 48 8b f3 e8 73 7d 32 00
0x00007ffc254911cd:   41 3a c4 74 04 85 ff 75 8a 48 85 f6 74 37 49 8b
0x00007ffc254911dd:   5f 08 48 83 03 10 48 8b 0b 48 3b 4b 08 72 0b 48
0x00007ffc254911ed:   8b cb e8 3c 6d 32 00 48 8b 0b 41 0f b6 c4 49 0b
0x00007ffc254911fd:   c6 89 79 08 48 89 01 4c 8b f6 8b 7e 20 45 32 e4
0x00007ffc2549120d:   e9 ee fe ff ff 45 84 e4 75 0c 41 8b 7e 20 41 b4
0x00007ffc2549121d:   01 e9 dd fe ff ff 4c 8b 64 24 28 49 8b c6 4c 8b
0x00007ffc2549122d:   74 24 20 48 8b 7c 24 58 48 8b 74 24 50 48 8b 6c
0x00007ffc2549123d:   24 48 48 8b 5c 24 40 48 83 c4 30 41 5f c3 cc cc
0x00007ffc2549124d:   cc cc cc 48 89 5c 24 08 48 89 74 24 10 57 48 83
0x00007ffc2549125d:   ec 20 8b 59 28 48 8b f9 ff cb 3b 59 18 73 0a 48 


Stack slot to memory mapping:
stack at sp + 0 slots: 0x000001f99ec82900 points into unknown readable memory: 0x00007ffc259bc010 | 10 c0 9b 25 fc 7f 00 00
stack at sp + 1 slots: 0x000001f99ec82900 points into unknown readable memory: 0x00007ffc259bc010 | 10 c0 9b 25 fc 7f 00 00
stack at sp + 2 slots: 0x00000071a09fbae0 is pointing into the stack for thread: 0x000001f99aa293e0
stack at sp + 3 slots: 0x000001f99ec82900 points into unknown readable memory: 0x00007ffc259bc010 | 10 c0 9b 25 fc 7f 00 00
stack at sp + 4 slots: 0x000001f99ec82900 points into unknown readable memory: 0x00007ffc259bc010 | 10 c0 9b 25 fc 7f 00 00
stack at sp + 5 slots: 0x000001f99fa52ef0 points into unknown readable memory: 0x000001f99aa87d90 | 90 7d a8 9a f9 01 00 00
stack at sp + 6 slots: 0x00000071a09fbae0 is pointing into the stack for thread: 0x000001f99aa293e0
stack at sp + 7 slots: 0x00007ffc25492326 jvm.dll


---------------  P R O C E S S  ---------------

Threads class SMR info:
_java_thread_list=0x000001f99fdf9ee0, length=14, elements={
0x000001f9f651b600, 0x000001f99aa097d0, 0x000001f99aa0a340, 0x000001f99aa26df0,
0x000001f99aa276a0, 0x000001f99aa27f50, 0x000001f99aa28800, 0x000001f99aa293e0,
0x000001f99aa29cd0, 0x000001f99ec18050, 0x000001f99ec97e30, 0x000001f99ed6d720,
0x000001f99ed6ff00, 0x000001f99f812d10
}

Java Threads: ( => current thread )
  0x000001f9f651b600 JavaThread "main" [_thread_in_vm, id=12756, stack(0x000000719fc00000,0x000000719fd00000)]
  0x000001f99aa097d0 JavaThread "Reference Handler" daemon [_thread_blocked, id=13000, stack(0x00000071a0300000,0x00000071a0400000)]
  0x000001f99aa0a340 JavaThread "Finalizer" daemon [_thread_blocked, id=13136, stack(0x00000071a0400000,0x00000071a0500000)]
  0x000001f99aa26df0 JavaThread "Signal Dispatcher" daemon [_thread_blocked, id=6768, stack(0x00000071a0500000,0x00000071a0600000)]
  0x000001f99aa276a0 JavaThread "Attach Listener" daemon [_thread_blocked, id=572, stack(0x00000071a0600000,0x00000071a0700000)]
  0x000001f99aa27f50 JavaThread "Service Thread" daemon [_thread_blocked, id=1008, stack(0x00000071a0700000,0x00000071a0800000)]
  0x000001f99aa28800 JavaThread "Monitor Deflation Thread" daemon [_thread_blocked, id=6832, stack(0x00000071a0800000,0x00000071a0900000)]
=>0x000001f99aa293e0 JavaThread "C2 CompilerThread0" daemon [_thread_in_native, id=4512, stack(0x00000071a0900000,0x00000071a0a00000)]
  0x000001f99aa29cd0 JavaThread "C1 CompilerThread0" daemon [_thread_blocked, id=3560, stack(0x00000071a0a00000,0x00000071a0b00000)]
  0x000001f99ec18050 JavaThread "Sweeper thread" daemon [_thread_blocked, id=8780, stack(0x00000071a0b00000,0x00000071a0c00000)]
  0x000001f99ec97e30 JavaThread "Common-Cleaner" daemon [_thread_blocked, id=1620, stack(0x00000071a0c00000,0x00000071a0d00000)]
  0x000001f99ed6d720 JavaThread "Monitor Ctrl-Break" daemon [_thread_in_native, id=5620, stack(0x00000071a0e00000,0x00000071a0f00000)]
  0x000001f99ed6ff00 JavaThread "Notification Thread" daemon [_thread_blocked, id=7916, stack(0x00000071a0f00000,0x00000071a1000000)]
  0x000001f99f812d10 JavaThread "C2 CompilerThread1" daemon [_thread_blocked, id=14140, stack(0x00000071a1400000,0x00000071a1500000)]

Other Threads:
  0x000001f99aa05980 VMThread "VM Thread" [stack: 0x00000071a0200000,0x00000071a0300000] [id=13712]
  0x000001f9f63eb440 WatcherThread "VM Periodic Task Thread" [stack: 0x00000071a1000000,0x00000071a1100000] [id=9252]
  0x000001f9f6587fc0 WorkerThread "GC Thread#0" [stack: 0x000000719fd00000,0x000000719fe00000] [id=2520]
  0x000001f99f145170 WorkerThread "GC Thread#1" [stack: 0x00000071a1100000,0x00000071a1200000] [id=5924]
  0x000001f99f5a88f0 WorkerThread "GC Thread#2" [stack: 0x00000071a1200000,0x00000071a1300000] [id=8176]
  0x000001f99f59f8f0 WorkerThread "GC Thread#3" [stack: 0x00000071a1300000,0x00000071a1400000] [id=8380]
  0x000001f9f6598d00 ConcurrentGCThread "G1 Main Marker" [stack: 0x000000719fe00000,0x000000719ff00000] [id=13872]
  0x000001f9f6599600 WorkerThread "G1 Conc#0" [stack: 0x000000719ff00000,0x00000071a0000000] [id=6560]
  0x000001f9f65be7f0 ConcurrentGCThread "G1 Refine#0" [stack: 0x00000071a0000000,0x00000071a0100000] [id=13776]
  0x000001f99a8ba2a0 ConcurrentGCThread "G1 Service" [stack: 0x00000071a0100000,0x00000071a0200000] [id=1776]

Threads with active compile tasks:
C2 CompilerThread0     1909 2126       4       jdk.internal.org.objectweb.asm.Frame::execute (2305 bytes)
C1 CompilerThread0     1909 2134       3       java.lang.invoke.LambdaProxyClassArchive::find (63 bytes)

VM state: not at safepoint (normal execution)

VM Mutex/Monitor currently owned by a thread: None

Heap address: 0x0000000701000000, size: 4080 MB, Compressed Oops mode: Zero based, Oop shift amount: 3

CDS archive(s) mapped at: [0x0000000800000000-0x0000000800ba0000-0x0000000800ba0000), size 12189696, SharedBaseAddress: 0x0000000800000000, ArchiveRelocationMode: 0.
Compressed class space mapped at: 0x0000000800c00000-0x0000000840c00000, reserved size: 1073741824
Narrow klass base: 0x0000000800000000, Narrow klass shift: 0, Narrow klass range: 0x100000000

GC Precious Log:
 CardTable entry size: 512
 Card Set container configuration: InlinePtr #cards 4 size 8 Array Of Cards #cards 16 size 48 Howl #buckets 8 coarsen threshold 3686 Howl Bitmap #cards 512 size 80 coarsen threshold 460 Card regions per heap region 1 cards per card region 4096
 CPUs: 4 total, 4 available
 Memory: 16313M
 Large Page Support: Disabled
 NUMA Support: Disabled
 Compressed Oops: Enabled (Zero based)
 Heap Region Size: 2M
 Heap Min Capacity: 8M
 Heap Initial Capacity: 256M
 Heap Max Capacity: 4080M
 Pre-touch: Disabled
 Parallel Workers: 4
 Concurrent Workers: 1
 Concurrent Refinement Workers: 4
 Periodic GC: Disabled

Heap:
 garbage-first heap   total 262144K, used 31533K [0x0000000701000000, 0x0000000800000000)
  region size 2048K, 15 young (30720K), 1 survivors (2048K)
 Metaspace       used 12343K, committed 12672K, reserved 1114112K
  class space    used 1388K, committed 1536K, reserved 1048576K

Heap Regions: E=young(eden), S=young(survivor), O=old, HS=humongous(starts), HC=humongous(continues), CS=collection set, F=free, OA=open archive, CA=closed archive, TAMS=top-at-mark-start (previous, next)
|   0|0x0000000701000000, 0x0000000701200000, 0x0000000701200000|100%| O|  |TAMS 0x0000000701000000, 0x0000000701000000| Untracked 
|   1|0x0000000701200000, 0x00000007012f9800, 0x0000000701400000| 48%| O|  |TAMS 0x0000000701200000, 0x0000000701200000| Untracked 
|   2|0x0000000701400000, 0x0000000701600000, 0x0000000701600000|100%|HS|  |TAMS 0x0000000701400000, 0x0000000701400000| Complete 
|   3|0x0000000701600000, 0x0000000701600000, 0x0000000701800000|  0%| F|  |TAMS 0x0000000701600000, 0x0000000701600000| Untracked 
|   4|0x0000000701800000, 0x0000000701800000, 0x0000000701a00000|  0%| F|  |TAMS 0x0000000701800000, 0x0000000701800000| Untracked 
|   5|0x0000000701a00000, 0x0000000701a00000, 0x0000000701c00000|  0%| F|  |TAMS 0x0000000701a00000, 0x0000000701a00000| Untracked 
|   6|0x0000000701c00000, 0x0000000701c00000, 0x0000000701e00000|  0%| F|  |TAMS 0x0000000701c00000, 0x0000000701c00000| Untracked 
|   7|0x0000000701e00000, 0x0000000701e00000, 0x0000000702000000|  0%| F|  |TAMS 0x0000000701e00000, 0x0000000701e00000| Untracked 
|   8|0x0000000702000000, 0x0000000702000000, 0x0000000702200000|  0%| F|  |TAMS 0x0000000702000000, 0x0000000702000000| Untracked 
|   9|0x0000000702200000, 0x0000000702200000, 0x0000000702400000|  0%| F|  |TAMS 0x0000000702200000, 0x0000000702200000| Untracked 
|  10|0x0000000702400000, 0x0000000702400000, 0x0000000702600000|  0%| F|  |TAMS 0x0000000702400000, 0x0000000702400000| Untracked 
|  11|0x0000000702600000, 0x0000000702600000, 0x0000000702800000|  0%| F|  |TAMS 0x0000000702600000, 0x0000000702600000| Untracked 
|  12|0x0000000702800000, 0x0000000702800000, 0x0000000702a00000|  0%| F|  |TAMS 0x0000000702800000, 0x0000000702800000| Untracked 
|  13|0x0000000702a00000, 0x0000000702a00000, 0x0000000702c00000|  0%| F|  |TAMS 0x0000000702a00000, 0x0000000702a00000| Untracked 
|  14|0x0000000702c00000, 0x0000000702c00000, 0x0000000702e00000|  0%| F|  |TAMS 0x0000000702c00000, 0x0000000702c00000| Untracked 
|  15|0x0000000702e00000, 0x0000000702e00000, 0x0000000703000000|  0%| F|  |TAMS 0x0000000702e00000, 0x0000000702e00000| Untracked 
|  16|0x0000000703000000, 0x0000000703000000, 0x0000000703200000|  0%| F|  |TAMS 0x0000000703000000, 0x0000000703000000| Untracked 
|  17|0x0000000703200000, 0x0000000703200000, 0x0000000703400000|  0%| F|  |TAMS 0x0000000703200000, 0x0000000703200000| Untracked 
|  18|0x0000000703400000, 0x0000000703400000, 0x0000000703600000|  0%| F|  |TAMS 0x0000000703400000, 0x0000000703400000| Untracked 
|  19|0x0000000703600000, 0x0000000703600000, 0x0000000703800000|  0%| F|  |TAMS 0x0000000703600000, 0x0000000703600000| Untracked 
|  20|0x0000000703800000, 0x0000000703800000, 0x0000000703a00000|  0%| F|  |TAMS 0x0000000703800000, 0x0000000703800000| Untracked 
|  21|0x0000000703a00000, 0x0000000703a00000, 0x0000000703c00000|  0%| F|  |TAMS 0x0000000703a00000, 0x0000000703a00000| Untracked 
|  22|0x0000000703c00000, 0x0000000703c00000, 0x0000000703e00000|  0%| F|  |TAMS 0x0000000703c00000, 0x0000000703c00000| Untracked 
|  23|0x0000000703e00000, 0x0000000703e00000, 0x0000000704000000|  0%| F|  |TAMS 0x0000000703e00000, 0x0000000703e00000| Untracked 
|  24|0x0000000704000000, 0x0000000704000000, 0x0000000704200000|  0%| F|  |TAMS 0x0000000704000000, 0x0000000704000000| Untracked 
|  25|0x0000000704200000, 0x0000000704200000, 0x0000000704400000|  0%| F|  |TAMS 0x0000000704200000, 0x0000000704200000| Untracked 
|  26|0x0000000704400000, 0x0000000704400000, 0x0000000704600000|  0%| F|  |TAMS 0x0000000704400000, 0x0000000704400000| Untracked 
|  27|0x0000000704600000, 0x0000000704600000, 0x0000000704800000|  0%| F|  |TAMS 0x0000000704600000, 0x0000000704600000| Untracked 
|  28|0x0000000704800000, 0x0000000704800000, 0x0000000704a00000|  0%| F|  |TAMS 0x0000000704800000, 0x0000000704800000| Untracked 
|  29|0x0000000704a00000, 0x0000000704a00000, 0x0000000704c00000|  0%| F|  |TAMS 0x0000000704a00000, 0x0000000704a00000| Untracked 
|  30|0x0000000704c00000, 0x0000000704c00000, 0x0000000704e00000|  0%| F|  |TAMS 0x0000000704c00000, 0x0000000704c00000| Untracked 
|  31|0x0000000704e00000, 0x0000000704e00000, 0x0000000705000000|  0%| F|  |TAMS 0x0000000704e00000, 0x0000000704e00000| Untracked 
|  32|0x0000000705000000, 0x0000000705000000, 0x0000000705200000|  0%| F|  |TAMS 0x0000000705000000, 0x0000000705000000| Untracked 
|  33|0x0000000705200000, 0x0000000705200000, 0x0000000705400000|  0%| F|  |TAMS 0x0000000705200000, 0x0000000705200000| Untracked 
|  34|0x0000000705400000, 0x0000000705400000, 0x0000000705600000|  0%| F|  |TAMS 0x0000000705400000, 0x0000000705400000| Untracked 
|  35|0x0000000705600000, 0x0000000705600000, 0x0000000705800000|  0%| F|  |TAMS 0x0000000705600000, 0x0000000705600000| Untracked 
|  36|0x0000000705800000, 0x0000000705800000, 0x0000000705a00000|  0%| F|  |TAMS 0x0000000705800000, 0x0000000705800000| Untracked 
|  37|0x0000000705a00000, 0x0000000705a00000, 0x0000000705c00000|  0%| F|  |TAMS 0x0000000705a00000, 0x0000000705a00000| Untracked 
|  38|0x0000000705c00000, 0x0000000705c00000, 0x0000000705e00000|  0%| F|  |TAMS 0x0000000705c00000, 0x0000000705c00000| Untracked 
|  39|0x0000000705e00000, 0x0000000705e00000, 0x0000000706000000|  0%| F|  |TAMS 0x0000000705e00000, 0x0000000705e00000| Untracked 
|  40|0x0000000706000000, 0x0000000706000000, 0x0000000706200000|  0%| F|  |TAMS 0x0000000706000000, 0x0000000706000000| Untracked 
|  41|0x0000000706200000, 0x0000000706200000, 0x0000000706400000|  0%| F|  |TAMS 0x0000000706200000, 0x0000000706200000| Untracked 
|  42|0x0000000706400000, 0x0000000706400000, 0x0000000706600000|  0%| F|  |TAMS 0x0000000706400000, 0x0000000706400000| Untracked 
|  43|0x0000000706600000, 0x0000000706600000, 0x0000000706800000|  0%| F|  |TAMS 0x0000000706600000, 0x0000000706600000| Untracked 
|  44|0x0000000706800000, 0x0000000706800000, 0x0000000706a00000|  0%| F|  |TAMS 0x0000000706800000, 0x0000000706800000| Untracked 
|  45|0x0000000706a00000, 0x0000000706a00000, 0x0000000706c00000|  0%| F|  |TAMS 0x0000000706a00000, 0x0000000706a00000| Untracked 
|  46|0x0000000706c00000, 0x0000000706c00000, 0x0000000706e00000|  0%| F|  |TAMS 0x0000000706c00000, 0x0000000706c00000| Untracked 
|  47|0x0000000706e00000, 0x0000000706e00000, 0x0000000707000000|  0%| F|  |TAMS 0x0000000706e00000, 0x0000000706e00000| Untracked 
|  48|0x0000000707000000, 0x0000000707000000, 0x0000000707200000|  0%| F|  |TAMS 0x0000000707000000, 0x0000000707000000| Untracked 
|  49|0x0000000707200000, 0x0000000707200000, 0x0000000707400000|  0%| F|  |TAMS 0x0000000707200000, 0x0000000707200000| Untracked 
|  50|0x0000000707400000, 0x0000000707400000, 0x0000000707600000|  0%| F|  |TAMS 0x0000000707400000, 0x0000000707400000| Untracked 
|  51|0x0000000707600000, 0x0000000707600000, 0x0000000707800000|  0%| F|  |TAMS 0x0000000707600000, 0x0000000707600000| Untracked 
|  52|0x0000000707800000, 0x0000000707800000, 0x0000000707a00000|  0%| F|  |TAMS 0x0000000707800000, 0x0000000707800000| Untracked 
|  53|0x0000000707a00000, 0x0000000707a00000, 0x0000000707c00000|  0%| F|  |TAMS 0x0000000707a00000, 0x0000000707a00000| Untracked 
|  54|0x0000000707c00000, 0x0000000707c00000, 0x0000000707e00000|  0%| F|  |TAMS 0x0000000707c00000, 0x0000000707c00000| Untracked 
|  55|0x0000000707e00000, 0x0000000707e00000, 0x0000000708000000|  0%| F|  |TAMS 0x0000000707e00000, 0x0000000707e00000| Untracked 
|  56|0x0000000708000000, 0x0000000708000000, 0x0000000708200000|  0%| F|  |TAMS 0x0000000708000000, 0x0000000708000000| Untracked 
|  57|0x0000000708200000, 0x0000000708200000, 0x0000000708400000|  0%| F|  |TAMS 0x0000000708200000, 0x0000000708200000| Untracked 
|  58|0x0000000708400000, 0x0000000708400000, 0x0000000708600000|  0%| F|  |TAMS 0x0000000708400000, 0x0000000708400000| Untracked 
|  59|0x0000000708600000, 0x0000000708600000, 0x0000000708800000|  0%| F|  |TAMS 0x0000000708600000, 0x0000000708600000| Untracked 
|  60|0x0000000708800000, 0x0000000708800000, 0x0000000708a00000|  0%| F|  |TAMS 0x0000000708800000, 0x0000000708800000| Untracked 
|  61|0x0000000708a00000, 0x0000000708a00000, 0x0000000708c00000|  0%| F|  |TAMS 0x0000000708a00000, 0x0000000708a00000| Untracked 
|  62|0x0000000708c00000, 0x0000000708c00000, 0x0000000708e00000|  0%| F|  |TAMS 0x0000000708c00000, 0x0000000708c00000| Untracked 
|  63|0x0000000708e00000, 0x0000000708e00000, 0x0000000709000000|  0%| F|  |TAMS 0x0000000708e00000, 0x0000000708e00000| Untracked 
|  64|0x0000000709000000, 0x0000000709000000, 0x0000000709200000|  0%| F|  |TAMS 0x0000000709000000, 0x0000000709000000| Untracked 
|  65|0x0000000709200000, 0x0000000709200000, 0x0000000709400000|  0%| F|  |TAMS 0x0000000709200000, 0x0000000709200000| Untracked 
|  66|0x0000000709400000, 0x0000000709400000, 0x0000000709600000|  0%| F|  |TAMS 0x0000000709400000, 0x0000000709400000| Untracked 
|  67|0x0000000709600000, 0x0000000709600000, 0x0000000709800000|  0%| F|  |TAMS 0x0000000709600000, 0x0000000709600000| Untracked 
|  68|0x0000000709800000, 0x0000000709800000, 0x0000000709a00000|  0%| F|  |TAMS 0x0000000709800000, 0x0000000709800000| Untracked 
|  69|0x0000000709a00000, 0x0000000709a00000, 0x0000000709c00000|  0%| F|  |TAMS 0x0000000709a00000, 0x0000000709a00000| Untracked 
|  70|0x0000000709c00000, 0x0000000709c00000, 0x0000000709e00000|  0%| F|  |TAMS 0x0000000709c00000, 0x0000000709c00000| Untracked 
|  71|0x0000000709e00000, 0x0000000709e00000, 0x000000070a000000|  0%| F|  |TAMS 0x0000000709e00000, 0x0000000709e00000| Untracked 
|  72|0x000000070a000000, 0x000000070a000000, 0x000000070a200000|  0%| F|  |TAMS 0x000000070a000000, 0x000000070a000000| Untracked 
|  73|0x000000070a200000, 0x000000070a200000, 0x000000070a400000|  0%| F|  |TAMS 0x000000070a200000, 0x000000070a200000| Untracked 
|  74|0x000000070a400000, 0x000000070a400000, 0x000000070a600000|  0%| F|  |TAMS 0x000000070a400000, 0x000000070a400000| Untracked 
|  75|0x000000070a600000, 0x000000070a600000, 0x000000070a800000|  0%| F|  |TAMS 0x000000070a600000, 0x000000070a600000| Untracked 
|  76|0x000000070a800000, 0x000000070a800000, 0x000000070aa00000|  0%| F|  |TAMS 0x000000070a800000, 0x000000070a800000| Untracked 
|  77|0x000000070aa00000, 0x000000070aa00000, 0x000000070ac00000|  0%| F|  |TAMS 0x000000070aa00000, 0x000000070aa00000| Untracked 
|  78|0x000000070ac00000, 0x000000070ac00000, 0x000000070ae00000|  0%| F|  |TAMS 0x000000070ac00000, 0x000000070ac00000| Untracked 
|  79|0x000000070ae00000, 0x000000070ae00000, 0x000000070b000000|  0%| F|  |TAMS 0x000000070ae00000, 0x000000070ae00000| Untracked 
|  80|0x000000070b000000, 0x000000070b000000, 0x000000070b200000|  0%| F|  |TAMS 0x000000070b000000, 0x000000070b000000| Untracked 
|  81|0x000000070b200000, 0x000000070b200000, 0x000000070b400000|  0%| F|  |TAMS 0x000000070b200000, 0x000000070b200000| Untracked 
|  82|0x000000070b400000, 0x000000070b400000, 0x000000070b600000|  0%| F|  |TAMS 0x000000070b400000, 0x000000070b400000| Untracked 
|  83|0x000000070b600000, 0x000000070b600000, 0x000000070b800000|  0%| F|  |TAMS 0x000000070b600000, 0x000000070b600000| Untracked 
|  84|0x000000070b800000, 0x000000070b800000, 0x000000070ba00000|  0%| F|  |TAMS 0x000000070b800000, 0x000000070b800000| Untracked 
|  85|0x000000070ba00000, 0x000000070ba00000, 0x000000070bc00000|  0%| F|  |TAMS 0x000000070ba00000, 0x000000070ba00000| Untracked 
|  86|0x000000070bc00000, 0x000000070bc00000, 0x000000070be00000|  0%| F|  |TAMS 0x000000070bc00000, 0x000000070bc00000| Untracked 
|  87|0x000000070be00000, 0x000000070be00000, 0x000000070c000000|  0%| F|  |TAMS 0x000000070be00000, 0x000000070be00000| Untracked 
|  88|0x000000070c000000, 0x000000070c000000, 0x000000070c200000|  0%| F|  |TAMS 0x000000070c000000, 0x000000070c000000| Untracked 
|  89|0x000000070c200000, 0x000000070c200000, 0x000000070c400000|  0%| F|  |TAMS 0x000000070c200000, 0x000000070c200000| Untracked 
|  90|0x000000070c400000, 0x000000070c400000, 0x000000070c600000|  0%| F|  |TAMS 0x000000070c400000, 0x000000070c400000| Untracked 
|  91|0x000000070c600000, 0x000000070c600000, 0x000000070c800000|  0%| F|  |TAMS 0x000000070c600000, 0x000000070c600000| Untracked 
|  92|0x000000070c800000, 0x000000070c800000, 0x000000070ca00000|  0%| F|  |TAMS 0x000000070c800000, 0x000000070c800000| Untracked 
|  93|0x000000070ca00000, 0x000000070ca00000, 0x000000070cc00000|  0%| F|  |TAMS 0x000000070ca00000, 0x000000070ca00000| Untracked 
|  94|0x000000070cc00000, 0x000000070cc00000, 0x000000070ce00000|  0%| F|  |TAMS 0x000000070cc00000, 0x000000070cc00000| Untracked 
|  95|0x000000070ce00000, 0x000000070ce00000, 0x000000070d000000|  0%| F|  |TAMS 0x000000070ce00000, 0x000000070ce00000| Untracked 
|  96|0x000000070d000000, 0x000000070d000000, 0x000000070d200000|  0%| F|  |TAMS 0x000000070d000000, 0x000000070d000000| Untracked 
|  97|0x000000070d200000, 0x000000070d200000, 0x000000070d400000|  0%| F|  |TAMS 0x000000070d200000, 0x000000070d200000| Untracked 
|  98|0x000000070d400000, 0x000000070d400000, 0x000000070d600000|  0%| F|  |TAMS 0x000000070d400000, 0x000000070d400000| Untracked 
|  99|0x000000070d600000, 0x000000070d600000, 0x000000070d800000|  0%| F|  |TAMS 0x000000070d600000, 0x000000070d600000| Untracked 
| 100|0x000000070d800000, 0x000000070d800000, 0x000000070da00000|  0%| F|  |TAMS 0x000000070d800000, 0x000000070d800000| Untracked 
| 101|0x000000070da00000, 0x000000070da00000, 0x000000070dc00000|  0%| F|  |TAMS 0x000000070da00000, 0x000000070da00000| Untracked 
| 102|0x000000070dc00000, 0x000000070dc00000, 0x000000070de00000|  0%| F|  |TAMS 0x000000070dc00000, 0x000000070dc00000| Untracked 
| 103|0x000000070de00000, 0x000000070de00000, 0x000000070e000000|  0%| F|  |TAMS 0x000000070de00000, 0x000000070de00000| Untracked 
| 104|0x000000070e000000, 0x000000070e000000, 0x000000070e200000|  0%| F|  |TAMS 0x000000070e000000, 0x000000070e000000| Untracked 
| 105|0x000000070e200000, 0x000000070e200000, 0x000000070e400000|  0%| F|  |TAMS 0x000000070e200000, 0x000000070e200000| Untracked 
| 106|0x000000070e400000, 0x000000070e400000, 0x000000070e600000|  0%| F|  |TAMS 0x000000070e400000, 0x000000070e400000| Untracked 
| 107|0x000000070e600000, 0x000000070e600000, 0x000000070e800000|  0%| F|  |TAMS 0x000000070e600000, 0x000000070e600000| Untracked 
| 108|0x000000070e800000, 0x000000070e800000, 0x000000070ea00000|  0%| F|  |TAMS 0x000000070e800000, 0x000000070e800000| Untracked 
| 109|0x000000070ea00000, 0x000000070ea00000, 0x000000070ec00000|  0%| F|  |TAMS 0x000000070ea00000, 0x000000070ea00000| Untracked 
| 110|0x000000070ec00000, 0x000000070ec00000, 0x000000070ee00000|  0%| F|  |TAMS 0x000000070ec00000, 0x000000070ec00000| Untracked 
| 111|0x000000070ee00000, 0x000000070ee00000, 0x000000070f000000|  0%| F|  |TAMS 0x000000070ee00000, 0x000000070ee00000| Untracked 
| 112|0x000000070f000000, 0x000000070f000000, 0x000000070f200000|  0%| F|  |TAMS 0x000000070f000000, 0x000000070f000000| Untracked 
| 113|0x000000070f200000, 0x000000070f3fb628, 0x000000070f400000| 99%| E|  |TAMS 0x000000070f200000, 0x000000070f200000| Complete 
| 114|0x000000070f400000, 0x000000070f600000, 0x000000070f600000|100%| E|CS|TAMS 0x000000070f400000, 0x000000070f400000| Complete 
| 115|0x000000070f600000, 0x000000070f800000, 0x000000070f800000|100%| E|CS|TAMS 0x000000070f600000, 0x000000070f600000| Complete 
| 116|0x000000070f800000, 0x000000070fa00000, 0x000000070fa00000|100%| E|CS|TAMS 0x000000070f800000, 0x000000070f800000| Complete 
| 117|0x000000070fa00000, 0x000000070fc00000, 0x000000070fc00000|100%| E|CS|TAMS 0x000000070fa00000, 0x000000070fa00000| Complete 
| 118|0x000000070fc00000, 0x000000070fe00000, 0x000000070fe00000|100%| E|CS|TAMS 0x000000070fc00000, 0x000000070fc00000| Complete 
| 119|0x000000070fe00000, 0x0000000710000000, 0x0000000710000000|100%| E|CS|TAMS 0x000000070fe00000, 0x000000070fe00000| Complete 
| 120|0x0000000710000000, 0x00000007101d1cb0, 0x0000000710200000| 90%| S|CS|TAMS 0x0000000710000000, 0x0000000710000000| Complete 
| 121|0x0000000710200000, 0x0000000710400000, 0x0000000710400000|100%| E|CS|TAMS 0x0000000710200000, 0x0000000710200000| Complete 
| 122|0x0000000710400000, 0x0000000710600000, 0x0000000710600000|100%| E|  |TAMS 0x0000000710400000, 0x0000000710400000| Complete 
| 123|0x0000000710600000, 0x0000000710800000, 0x0000000710800000|100%| E|CS|TAMS 0x0000000710600000, 0x0000000710600000| Complete 
| 124|0x0000000710800000, 0x0000000710a00000, 0x0000000710a00000|100%| E|CS|TAMS 0x0000000710800000, 0x0000000710800000| Complete 
| 125|0x0000000710a00000, 0x0000000710c00000, 0x0000000710c00000|100%| E|CS|TAMS 0x0000000710a00000, 0x0000000710a00000| Complete 
| 126|0x0000000710c00000, 0x0000000710e00000, 0x0000000710e00000|100%| E|CS|TAMS 0x0000000710c00000, 0x0000000710c00000| Complete 
| 127|0x0000000710e00000, 0x0000000711000000, 0x0000000711000000|100%| E|CS|TAMS 0x0000000710e00000, 0x0000000710e00000| Complete 

Card table byte_map: [0x000001f98f800000,0x000001f990000000] _byte_map_base: 0x000001f98bff8000

Marking Bits (Prev, Next): (CMBitMap*) 0x000001f9f65884d0, (CMBitMap*) 0x000001f9f6588510
 Prev Bits: [0x000001f990800000, 0x000001f9947c0000)
 Next Bits: [0x000001f9947c0000, 0x000001f998780000)

Polling page: 0x000001f9f65c0000

Metaspace:

Usage:
  Non-class:     10.71 MB used.
      Class:      1.36 MB used.
       Both:     12.07 MB used.

Virtual space:
  Non-class space:       64.00 MB reserved,      10.88 MB ( 17%) committed,  1 nodes.
      Class space:        1.00 GB reserved,       1.50 MB ( <1%) committed,  1 nodes.
             Both:        1.06 GB reserved,      12.38 MB (  1%) committed. 

Chunk freelists:
   Non-Class:  1.01 MB
       Class:  2.52 MB
        Both:  3.52 MB

MaxMetaspaceSize: unlimited
CompressedClassSpaceSize: 1.00 GB
Initial GC threshold: 21.00 MB
Current GC threshold: 21.00 MB
CDS: on
MetaspaceReclaimPolicy: balanced
 - commit_granule_bytes: 65536.
 - commit_granule_words: 8192.
 - virtual_space_node_default_size: 8388608.
 - enlarge_chunks_in_place: 1.
 - new_chunks_are_fully_committed: 0.
 - uncommit_free_chunks: 1.
 - use_allocation_guard: 0.


Internal statistics:

num_allocs_failed_limit: 0.
num_arena_births: 324.
num_arena_deaths: 0.
num_vsnodes_births: 2.
num_vsnodes_deaths: 0.
num_space_committed: 198.
num_space_uncommitted: 0.
num_chunks_returned_to_freelist: 0.
num_chunks_taken_from_freelist: 748.
num_chunk_merges: 0.
num_chunk_splits: 467.
num_chunks_enlarged: 310.
num_inconsistent_stats: 0.

CodeHeap 'non-profiled nmethods': size=120000Kb used=734Kb max_used=734Kb free=119265Kb
 bounds [0x000001f987ad0000, 0x000001f987d40000, 0x000001f98f000000]
CodeHeap 'profiled nmethods': size=120000Kb used=4318Kb max_used=4318Kb free=115681Kb
 bounds [0x000001f9805a0000, 0x000001f9809e0000, 0x000001f987ad0000]
CodeHeap 'non-nmethods': size=5760Kb used=2232Kb max_used=2264Kb free=3527Kb
 bounds [0x000001f980000000, 0x000001f980270000, 0x000001f9805a0000]
 total_blobs=2855 nmethods=2147 adapters=620
 compilation: enabled
              stopped_count=0, restarted_count=0
 full_count=0

Compilation events (20 events):
Event: 1.856 Thread 0x000001f99aa29cd0 2113       3       java.lang.reflect.Constructor::getParameterTypes (11 bytes)
Event: 1.856 Thread 0x000001f99aa29cd0 nmethod 2113 0x000001f9809c0910 code [0x000001f9809c0ac0, 0x000001f9809c0d88]
Event: 1.857 Thread 0x000001f99aa29cd0 2116       1       java.lang.invoke.InvokerBytecodeGenerator::setClassWriter (6 bytes)
Event: 1.858 Thread 0x000001f99aa29cd0 nmethod 2116 0x000001f987b83690 code [0x000001f987b83820, 0x000001f987b83938]
Event: 1.858 Thread 0x000001f99aa29cd0 2117       3       jdk.internal.org.objectweb.asm.AnnotationWriter::<init> (60 bytes)
Event: 1.858 Thread 0x000001f99aa29cd0 nmethod 2117 0x000001f9809c0e90 code [0x000001f9809c1060, 0x000001f9809c1488]
Event: 1.858 Thread 0x000001f99aa29cd0 2118       1       java.lang.Class::getClassData (5 bytes)
Event: 1.858 Thread 0x000001f99aa29cd0 nmethod 2118 0x000001f987b83990 code [0x000001f987b83b20, 0x000001f987b83bf8]
Event: 1.858 Thread 0x000001f99aa293e0 2119       4       java.util.AbstractList::<init> (10 bytes)
Event: 1.858 Thread 0x000001f99aa293e0 nmethod 2119 0x000001f987b83c90 code [0x000001f987b83e00, 0x000001f987b83e78]
Event: 1.858 Thread 0x000001f99aa29cd0 2120       3       groovyjarjarasm.asm.Type::getReturnTypeOffset (64 bytes)
Event: 1.859 Thread 0x000001f99aa29cd0 nmethod 2120 0x000001f9809c1610 code [0x000001f9809c1920, 0x000001f9809c2d18]
Event: 1.859 Thread 0x000001f99aa29cd0 2121       3       groovyjarjarasm.asm.ByteVector::<init> (13 bytes)
Event: 1.859 Thread 0x000001f99aa29cd0 nmethod 2121 0x000001f9809c3490 code [0x000001f9809c3640, 0x000001f9809c38b8]
Event: 1.859 Thread 0x000001f99aa29cd0 2122       1       groovyjarjarasm.asm.MethodWriter::hasAsmInstructions (5 bytes)
Event: 1.859 Thread 0x000001f99aa29cd0 nmethod 2122 0x000001f987b83f90 code [0x000001f987b84120, 0x000001f987b841f8]
Event: 1.865 Thread 0x000001f99f812d10 nmethod 2108 0x000001f987b84b90 code [0x000001f987b84d20, 0x000001f987b85328]
Event: 1.865 Thread 0x000001f99aa293e0 2126       4       jdk.internal.org.objectweb.asm.Frame::execute (2305 bytes)
Event: 1.869 Thread 0x000001f99aa29cd0 2127       3       groovy.lang.MetaClassImpl::addMetaMethodToIndex (65 bytes)
Event: 1.870 Thread 0x000001f99aa29cd0 nmethod 2127 0x000001f9809c3990 code [0x000001f9809c3b80, 0x000001f9809c4078]

GC Heap History (4 events):
Event: 0.649 GC heap before
{Heap before GC invocations=0 (full 0):
 garbage-first heap   total 262144K, used 10240K [0x0000000701000000, 0x0000000800000000)
  region size 2048K, 6 young (12288K), 0 survivors (0K)
 Metaspace       used 3508K, committed 3648K, reserved 1114112K
  class space    used 391K, committed 448K, reserved 1048576K
}
Event: 0.652 GC heap after
{Heap after GC invocations=1 (full 0):
 garbage-first heap   total 262144K, used 3051K [0x0000000701000000, 0x0000000800000000)
  region size 2048K, 1 young (2048K), 1 survivors (2048K)
 Metaspace       used 3508K, committed 3648K, reserved 1114112K
  class space    used 391K, committed 448K, reserved 1048576K
}
Event: 1.101 GC heap before
{Heap before GC invocations=1 (full 0):
 garbage-first heap   total 262144K, used 13291K [0x0000000701000000, 0x0000000800000000)
  region size 2048K, 7 young (14336K), 1 survivors (2048K)
 Metaspace       used 6758K, committed 6912K, reserved 1114112K
  class space    used 782K, committed 832K, reserved 1048576K
}
Event: 1.105 GC heap after
{Heap after GC invocations=2 (full 0):
 garbage-first heap   total 262144K, used 4909K [0x0000000701000000, 0x0000000800000000)
  region size 2048K, 1 young (2048K), 1 survivors (2048K)
 Metaspace       used 6758K, committed 6912K, reserved 1114112K
  class space    used 782K, committed 832K, reserved 1048576K
}

Deoptimization events (20 events):
Event: 1.851 Thread 0x000001f9f651b600 Uncommon trap: trap_request=0xffffffbe fr.pc=0x000001f987b80f84 relative=0x0000000000000564
Event: 1.851 Thread 0x000001f9f651b600 Uncommon trap: reason=profile_predicate action=maybe_recompile pc=0x000001f987b80f84 method=groovyjarjarasm.asm.ByteVector.putUTF8(Ljava/lang/String;)Lgroovyjarjarasm/asm/ByteVector; @ 79 c2
Event: 1.851 Thread 0x000001f9f651b600 DEOPT PACKING pc=0x000001f987b80f84 sp=0x000000719fcf7820
Event: 1.851 Thread 0x000001f9f651b600 DEOPT UNPACKING pc=0x000001f9800523a3 sp=0x000000719fcf77a0 mode 2
Event: 1.851 Thread 0x000001f9f651b600 Uncommon trap: trap_request=0xffffffbe fr.pc=0x000001f987b80f84 relative=0x0000000000000564
Event: 1.851 Thread 0x000001f9f651b600 Uncommon trap: reason=profile_predicate action=maybe_recompile pc=0x000001f987b80f84 method=groovyjarjarasm.asm.ByteVector.putUTF8(Ljava/lang/String;)Lgroovyjarjarasm/asm/ByteVector; @ 79 c2
Event: 1.851 Thread 0x000001f9f651b600 DEOPT PACKING pc=0x000001f987b80f84 sp=0x000000719fcf7890
Event: 1.852 Thread 0x000001f9f651b600 DEOPT UNPACKING pc=0x000001f9800523a3 sp=0x000000719fcf7810 mode 2
Event: 1.852 Thread 0x000001f9f651b600 Uncommon trap: trap_request=0xffffffbe fr.pc=0x000001f987b80f84 relative=0x0000000000000564
Event: 1.852 Thread 0x000001f9f651b600 Uncommon trap: reason=profile_predicate action=maybe_recompile pc=0x000001f987b80f84 method=groovyjarjarasm.asm.ByteVector.putUTF8(Ljava/lang/String;)Lgroovyjarjarasm/asm/ByteVector; @ 79 c2
Event: 1.852 Thread 0x000001f9f651b600 DEOPT PACKING pc=0x000001f987b80f84 sp=0x000000719fcf7960
Event: 1.852 Thread 0x000001f9f651b600 DEOPT UNPACKING pc=0x000001f9800523a3 sp=0x000000719fcf78e0 mode 2
Event: 1.852 Thread 0x000001f9f651b600 Uncommon trap: trap_request=0xffffffbe fr.pc=0x000001f987b80f84 relative=0x0000000000000564
Event: 1.852 Thread 0x000001f9f651b600 Uncommon trap: reason=profile_predicate action=maybe_recompile pc=0x000001f987b80f84 method=groovyjarjarasm.asm.ByteVector.putUTF8(Ljava/lang/String;)Lgroovyjarjarasm/asm/ByteVector; @ 79 c2
Event: 1.852 Thread 0x000001f9f651b600 DEOPT PACKING pc=0x000001f987b80f84 sp=0x000000719fcf7960
Event: 1.852 Thread 0x000001f9f651b600 DEOPT UNPACKING pc=0x000001f9800523a3 sp=0x000000719fcf78e0 mode 2
Event: 1.866 Thread 0x000001f9f651b600 Uncommon trap: trap_request=0xffffff45 fr.pc=0x000001f987b7e0e0 relative=0x0000000000001ea0
Event: 1.866 Thread 0x000001f9f651b600 Uncommon trap: reason=unstable_if action=reinterpret pc=0x000001f987b7e0e0 method=groovy.lang.MetaClassImpl.checkIfStdMethod(Lgroovy/lang/MetaMethod;)V @ 167 c2
Event: 1.866 Thread 0x000001f9f651b600 DEOPT PACKING pc=0x000001f987b7e0e0 sp=0x000000719fcf98b0
Event: 1.866 Thread 0x000001f9f651b600 DEOPT UNPACKING pc=0x000001f9800523a3 sp=0x000000719fcf9840 mode 2

Classes loaded (20 events):
Event: 1.627 Loading class sun/invoke/util/ValueConversions$1
Event: 1.627 Loading class sun/invoke/util/ValueConversions$1 done
Event: 1.628 Loading class java/lang/invoke/BoundMethodHandle$Species_LI
Event: 1.628 Loading class java/lang/invoke/BoundMethodHandle$Species_LI done
Event: 1.637 Loading class jdk/internal/reflect/MethodHandleIntegerFieldAccessorImpl
Event: 1.637 Loading class jdk/internal/reflect/MethodHandleIntegerFieldAccessorImpl done
Event: 1.738 Loading class sun/reflect/generics/tree/CharSignature
Event: 1.738 Loading class sun/reflect/generics/tree/CharSignature done
Event: 1.767 Loading class com/sun/beans/finder/MethodFinder
Event: 1.767 Loading class com/sun/beans/finder/AbstractFinder
Event: 1.767 Loading class com/sun/beans/finder/AbstractFinder done
Event: 1.767 Loading class com/sun/beans/finder/MethodFinder done
Event: 1.767 Loading class com/sun/beans/finder/MethodFinder$1
Event: 1.767 Loading class com/sun/beans/finder/MethodFinder$1 done
Event: 1.767 Loading class com/sun/beans/finder/FinderUtils
Event: 1.767 Loading class com/sun/beans/finder/FinderUtils done
Event: 1.851 Loading class java/util/Stack
Event: 1.851 Loading class java/util/Vector
Event: 1.851 Loading class java/util/Vector done
Event: 1.851 Loading class java/util/Stack done

Classes unloaded (0 events):
No events

Classes redefined (0 events):
No events

Internal exceptions (20 events):
Event: 1.767 Thread 0x000001f9f651b600 Exception <a 'java/lang/ClassNotFoundException'{0x000000070f471970}: groovy/lang/Closure$1Customizer> (0x000000070f471970) 
thrown [s\open\src\hotspot\share\classfile\systemDictionary.cpp, line 255]
Event: 1.793 Thread 0x000001f9f651b600 Exception <a 'java/lang/ClassNotFoundException'{0x000000070f4f1558}: io/restassured/filter/time/TimingFilterBeanInfo> (0x000000070f4f1558) 
thrown [s\open\src\hotspot\share\classfile\systemDictionary.cpp, line 255]
Event: 1.793 Thread 0x000001f9f651b600 Exception <a 'java/lang/ClassNotFoundException'{0x000000070f4f5e08}: io/restassured/filter/time/TimingFilterCustomizer> (0x000000070f4f5e08) 
thrown [s\open\src\hotspot\share\classfile\systemDictionary.cpp, line 255]
Event: 1.797 Thread 0x000001f9f651b600 Exception <a 'java/lang/ClassNotFoundException'{0x000000070f511378}: io/restassured/internal/filter/SendRequestFilterBeanInfo> (0x000000070f511378) 
thrown [s\open\src\hotspot\share\classfile\systemDictionary.cpp, line 255]
Event: 1.797 Thread 0x000001f9f651b600 Exception <a 'java/lang/ClassNotFoundException'{0x000000070f515e20}: io/restassured/internal/filter/SendRequestFilterCustomizer> (0x000000070f515e20) 
thrown [s\open\src\hotspot\share\classfile\systemDictionary.cpp, line 255]
Event: 1.813 Thread 0x000001f9f651b600 Exception <a 'java/lang/ClassNotFoundException'{0x000000070f54edb8}: io/restassured/http/ContentTypeBeanInfo> (0x000000070f54edb8) 
thrown [s\open\src\hotspot\share\classfile\systemDictionary.cpp, line 255]
Event: 1.814 Thread 0x000001f9f651b600 Exception <a 'java/lang/ClassNotFoundException'{0x000000070f5539d8}: io/restassured/http/ContentTypeCustomizer> (0x000000070f5539d8) 
thrown [s\open\src\hotspot\share\classfile\systemDictionary.cpp, line 255]
Event: 1.818 Thread 0x000001f9f651b600 Exception <a 'java/lang/ClassNotFoundException'{0x000000070f5785c8}: groovy/lang/ReferenceBeanInfo> (0x000000070f5785c8) 
thrown [s\open\src\hotspot\share\classfile\systemDictionary.cpp, line 255]
Event: 1.818 Thread 0x000001f9f651b600 Exception <a 'java/lang/ClassNotFoundException'{0x000000070f57d008}: groovy/lang/ReferenceCustomizer> (0x000000070f57d008) 
thrown [s\open\src\hotspot\share\classfile\systemDictionary.cpp, line 255]
Event: 1.821 Thread 0x000001f9f651b600 Exception <a 'java/lang/ClassNotFoundException'{0x000000070f58d750}: io/restassured/http/HeaderBeanInfo> (0x000000070f58d750) 
thrown [s\open\src\hotspot\share\classfile\systemDictionary.cpp, line 255]
Event: 1.821 Thread 0x000001f9f651b600 Exception <a 'java/lang/ClassNotFoundException'{0x000000070f592268}: io/restassured/http/HeaderCustomizer> (0x000000070f592268) 
thrown [s\open\src\hotspot\share\classfile\systemDictionary.cpp, line 255]
Event: 1.828 Thread 0x000001f9f651b600 Exception <a 'java/lang/ClassNotFoundException'{0x000000070f5c3328}: io/restassured/internal/MultiValueEntityBeanInfo> (0x000000070f5c3328) 
thrown [s\open\src\hotspot\share\classfile\systemDictionary.cpp, line 255]
Event: 1.828 Thread 0x000001f9f651b600 Exception <a 'java/lang/ClassNotFoundException'{0x000000070f5c8930}: io/restassured/internal/MultiValueEntityCustomizer> (0x000000070f5c8930) 
thrown [s\open\src\hotspot\share\classfile\systemDictionary.cpp, line 255]
Event: 1.834 Thread 0x000001f9f651b600 Exception <a 'java/lang/NoSuchMethodError'{0x000000070f5fb1d0}: 'java.lang.Object java.lang.invoke.DirectMethodHandle$Holder.invokeInterface(java.lang.Object, java.lang.Object, java.lang.Object, java.lang.Object)'> (0x000000070f5fb1d0) 
thrown [s\open\src\hotspot\share\interpreter\linkResolver.cpp, line 759]
Event: 1.835 Thread 0x000001f9f651b600 Exception <a 'java/lang/IncompatibleClassChangeError'{0x000000070f5ff6a0}: Found class java.lang.Object, but interface was expected> (0x000000070f5ff6a0) 
thrown [s\open\src\hotspot\share\interpreter\linkResolver.cpp, line 826]
Event: 1.842 Thread 0x000001f9f651b600 Exception <a 'java/lang/ClassNotFoundException'{0x000000070f221090}: io/restassured/config/HeaderConfigBeanInfo> (0x000000070f221090) 
thrown [s\open\src\hotspot\share\classfile\systemDictionary.cpp, line 255]
Event: 1.843 Thread 0x000001f9f651b600 Exception <a 'java/lang/ClassNotFoundException'{0x000000070f226d10}: io/restassured/config/HeaderConfigCustomizer> (0x000000070f226d10) 
thrown [s\open\src\hotspot\share\classfile\systemDictionary.cpp, line 255]
Event: 1.857 Thread 0x000001f9f651b600 Exception <a 'java/lang/NoSuchMethodError'{0x000000070f259d40}: 'int java.lang.invoke.DirectMethodHandle$Holder.invokeVirtual(java.lang.Object, java.lang.Object, java.lang.Object)'> (0x000000070f259d40) 
thrown [s\open\src\hotspot\share\interpreter\linkResolver.cpp, line 759]
Event: 1.857 Thread 0x000001f9f651b600 Exception <a 'java/lang/NoSuchMethodError'{0x000000070f25e538}: 'int java.lang.invoke.DirectMethodHandle$Holder.invokeSpecial(java.lang.Object, java.lang.Object, java.lang.Object, java.lang.Object)'> (0x000000070f25e538) 
thrown [s\open\src\hotspot\share\interpreter\linkResolver.cpp, line 759]
Event: 1.864 Thread 0x000001f9f651b600 Exception <a 'java/lang/NoSuchMethodError'{0x000000070f28a238}: 'java.lang.Object java.lang.invoke.DirectMethodHandle$Holder.invokeVirtual(java.lang.Object, java.lang.Object, java.lang.Object, int, java.lang.Object)'> (0x000000070f28a238) 
thrown [s\open\src\hotspot\share\interpreter\linkResolver.cpp, line 759]

VM Operations (20 events):
Event: 0.649 Executing VM operation: G1CollectForAllocation
Event: 0.652 Executing VM operation: G1CollectForAllocation done
Event: 0.724 Executing VM operation: HandshakeAllThreads
Event: 0.724 Executing VM operation: HandshakeAllThreads done
Event: 0.898 Executing VM operation: HandshakeAllThreads
Event: 0.898 Executing VM operation: HandshakeAllThreads done
Event: 0.913 Executing VM operation: HandshakeAllThreads
Event: 0.913 Executing VM operation: HandshakeAllThreads done
Event: 1.038 Executing VM operation: HandshakeAllThreads
Event: 1.038 Executing VM operation: HandshakeAllThreads done
Event: 1.101 Executing VM operation: G1CollectForAllocation
Event: 1.105 Executing VM operation: G1CollectForAllocation done
Event: 1.380 Executing VM operation: HandshakeAllThreads
Event: 1.380 Executing VM operation: HandshakeAllThreads done
Event: 1.401 Executing VM operation: HandshakeAllThreads
Event: 1.401 Executing VM operation: HandshakeAllThreads done
Event: 1.403 Executing VM operation: HandshakeAllThreads
Event: 1.403 Executing VM operation: HandshakeAllThreads done
Event: 1.574 Executing VM operation: ICBufferFull
Event: 1.574 Executing VM operation: ICBufferFull done

Events (20 events):
Event: 0.070 Thread 0x000001f99aa276a0 Thread added: 0x000001f99aa276a0
Event: 0.071 Thread 0x000001f99aa27f50 Thread added: 0x000001f99aa27f50
Event: 0.071 Thread 0x000001f99aa28800 Thread added: 0x000001f99aa28800
Event: 0.071 Thread 0x000001f99aa293e0 Thread added: 0x000001f99aa293e0
Event: 0.073 Thread 0x000001f99aa29cd0 Thread added: 0x000001f99aa29cd0
Event: 0.075 Thread 0x000001f99ec18050 Thread added: 0x000001f99ec18050
Event: 0.155 Thread 0x000001f99ec97e30 Thread added: 0x000001f99ec97e30
Event: 0.185 Loaded shared library C:\Users\U1\.jdks\openjdk-18.0.2.1\bin\zip.dll
Event: 0.188 Loaded shared library C:\Users\U1\.jdks\openjdk-18.0.2.1\bin\instrument.dll
Event: 0.194 Loaded shared library C:\Users\U1\.jdks\openjdk-18.0.2.1\bin\net.dll
Event: 0.196 Loaded shared library C:\Users\U1\.jdks\openjdk-18.0.2.1\bin\nio.dll
Event: 0.199 Loaded shared library C:\Users\U1\.jdks\openjdk-18.0.2.1\bin\zip.dll
Event: 0.216 Loaded shared library C:\Program Files\JetBrains\IntelliJ IDEA Community Edition 2021.3.3\bin\breakgen64.dll
Event: 0.216 Thread 0x000001f99ed6d720 Thread added: 0x000001f99ed6d720
Event: 0.216 Thread 0x000001f99ed6ff00 Thread added: 0x000001f99ed6ff00
Event: 0.314 Loaded shared library C:\Users\U1\.jdks\openjdk-18.0.2.1\bin\jimage.dll
Event: 0.460 Loaded shared library C:\Users\U1\.jdks\openjdk-18.0.2.1\bin\verify.dll
Event: 1.137 Thread 0x000001f99f426e60 Thread added: 0x000001f99f426e60
Event: 1.537 Thread 0x000001f99f426e60 Thread exited: 0x000001f99f426e60
Event: 1.754 Thread 0x000001f99f812d10 Thread added: 0x000001f99f812d10


Dynamic libraries:
0x00007ff7bcb40000 - 0x00007ff7bcb4e000 	C:\Users\U1\.jdks\openjdk-18.0.2.1\bin\java.exe
0x00007ffc896d0000 - 0x00007ffc898c8000 	C:\Windows\SYSTEM32\ntdll.dll
0x00007ffc87dc0000 - 0x00007ffc87e7d000 	C:\Windows\System32\KERNEL32.DLL
0x00007ffc870d0000 - 0x00007ffc8739e000 	C:\Windows\System32\KERNELBASE.dll
0x00007ffc874b0000 - 0x00007ffc875b0000 	C:\Windows\System32\ucrtbase.dll
0x00007ffc72e20000 - 0x00007ffc72e37000 	C:\Users\U1\.jdks\openjdk-18.0.2.1\bin\jli.dll
0x00007ffc72e00000 - 0x00007ffc72e1a000 	C:\Users\U1\.jdks\openjdk-18.0.2.1\bin\VCRUNTIME140.dll
0x00007ffc88490000 - 0x00007ffc88630000 	C:\Windows\System32\USER32.dll
0x00007ffc80360000 - 0x00007ffc805fa000 	C:\Windows\WinSxS\amd64_microsoft.windows.common-controls_6595b64144ccf1df_6.0.19041.1110_none_60b5254171f9507e\COMCTL32.dll
0x00007ffc89510000 - 0x00007ffc895ae000 	C:\Windows\System32\msvcrt.dll
0x00007ffc87800000 - 0x00007ffc8782a000 	C:\Windows\System32\GDI32.dll
0x00007ffc87450000 - 0x00007ffc87472000 	C:\Windows\System32\win32u.dll
0x00007ffc86df0000 - 0x00007ffc86efb000 	C:\Windows\System32\gdi32full.dll
0x00007ffc87690000 - 0x00007ffc8772d000 	C:\Windows\System32\msvcp_win.dll
0x00007ffc87c10000 - 0x00007ffc87c40000 	C:\Windows\System32\IMM32.DLL
0x00007ffc86830000 - 0x00007ffc8687b000 	C:\Windows\SYSTEM32\AvCNG.dll
0x00007ffc87e80000 - 0x00007ffc87f2e000 	C:\Windows\System32\ADVAPI32.dll
0x00007ffc89470000 - 0x00007ffc8950c000 	C:\Windows\System32\sechost.dll
0x00007ffc87f30000 - 0x00007ffc88055000 	C:\Windows\System32\RPCRT4.dll
0x00007ffc87480000 - 0x00007ffc874a7000 	C:\Windows\System32\bcrypt.dll
0x00007ffc86720000 - 0x00007ffc867b5000 	C:\Program Files\Common Files\Avest\Avest CSP\avsspc.dll
0x00007ffc89410000 - 0x00007ffc89465000 	C:\Windows\System32\SHLWAPI.dll
0x00007ffc72cf0000 - 0x00007ffc72cfc000 	C:\Users\U1\.jdks\openjdk-18.0.2.1\bin\vcruntime140_1.dll
0x00007ffc71400000 - 0x00007ffc7148d000 	C:\Users\U1\.jdks\openjdk-18.0.2.1\bin\msvcp140.dll
0x00007ffc25140000 - 0x00007ffc25d51000 	C:\Users\U1\.jdks\openjdk-18.0.2.1\bin\server\jvm.dll
0x00007ffc87730000 - 0x00007ffc87738000 	C:\Windows\System32\PSAPI.DLL
0x00007ffc830a0000 - 0x00007ffc830a9000 	C:\Windows\SYSTEM32\WSOCK32.dll
0x00007ffc7dba0000 - 0x00007ffc7dbc7000 	C:\Windows\SYSTEM32\WINMM.dll
0x00007ffc88420000 - 0x00007ffc8848b000 	C:\Windows\System32\WS2_32.dll
0x00007ffc80e70000 - 0x00007ffc80e7a000 	C:\Windows\SYSTEM32\VERSION.dll
0x00007ffc84c20000 - 0x00007ffc84c32000 	C:\Windows\SYSTEM32\kernel.appcore.dll
0x00007ffc72c50000 - 0x00007ffc72c5a000 	C:\Users\U1\.jdks\openjdk-18.0.2.1\bin\jimage.dll
0x00007ffc7b680000 - 0x00007ffc7b864000 	C:\Windows\SYSTEM32\DBGHELP.DLL
0x00007ffc6ed60000 - 0x00007ffc6ed8c000 	C:\Windows\SYSTEM32\dbgcore.DLL
0x00007ffc87600000 - 0x00007ffc87682000 	C:\Windows\System32\bcryptPrimitives.dll
0x00007ffc72520000 - 0x00007ffc7252e000 	C:\Users\U1\.jdks\openjdk-18.0.2.1\bin\instrument.dll
0x00007ffc713d0000 - 0x00007ffc713f5000 	C:\Users\U1\.jdks\openjdk-18.0.2.1\bin\java.dll
0x00007ffc55140000 - 0x00007ffc55216000 	C:\Users\U1\.jdks\openjdk-18.0.2.1\bin\jsvml.dll
0x00007ffc88cc0000 - 0x00007ffc89404000 	C:\Windows\System32\SHELL32.dll
0x00007ffc84e20000 - 0x00007ffc855b4000 	C:\Windows\SYSTEM32\windows.storage.dll
0x00007ffc87850000 - 0x00007ffc87ba4000 	C:\Windows\System32\combase.dll
0x00007ffc866f0000 - 0x00007ffc86720000 	C:\Windows\SYSTEM32\Wldp.dll
0x00007ffc87740000 - 0x00007ffc877ed000 	C:\Windows\System32\SHCORE.dll
0x00007ffc86d30000 - 0x00007ffc86d4f000 	C:\Windows\SYSTEM32\profapi.dll
0x00007ffc71050000 - 0x00007ffc71068000 	C:\Users\U1\.jdks\openjdk-18.0.2.1\bin\zip.dll
0x00007ffc71be0000 - 0x00007ffc71bf3000 	C:\Users\U1\.jdks\openjdk-18.0.2.1\bin\net.dll
0x00007ffc81de0000 - 0x00007ffc81eea000 	C:\Windows\SYSTEM32\WINHTTP.dll
0x00007ffc863f0000 - 0x00007ffc8645a000 	C:\Windows\system32\mswsock.dll
0x00007ffc712e0000 - 0x00007ffc712f6000 	C:\Users\U1\.jdks\openjdk-18.0.2.1\bin\nio.dll
0x00007ffc71030000 - 0x00007ffc7104a000 	C:\Program Files\JetBrains\IntelliJ IDEA Community Edition 2021.3.3\bin\breakgen64.dll
0x00007ffc727d0000 - 0x00007ffc727e0000 	C:\Users\U1\.jdks\openjdk-18.0.2.1\bin\verify.dll

dbghelp: loaded successfully - version: 4.0.5 - missing functions: none
symbol engine: initialized successfully - sym options: 0x614 - pdb path: .;C:\Users\U1\.jdks\openjdk-18.0.2.1\bin;C:\Windows\SYSTEM32;C:\Windows\WinSxS\amd64_microsoft.windows.common-controls_6595b64144ccf1df_6.0.19041.1110_none_60b5254171f9507e;C:\Program Files\Common Files\Avest\Avest CSP;C:\Users\U1\.jdks\openjdk-18.0.2.1\bin\server;C:\Program Files\JetBrains\IntelliJ IDEA Community Edition 2021.3.3\bin

VM Arguments:
jvm_args: -ea -Didea.test.cyclic.buffer.size=1048576 -javaagent:C:\Program Files\JetBrains\IntelliJ IDEA Community Edition 2021.3.3\lib\idea_rt.jar=58331:C:\Program Files\JetBrains\IntelliJ IDEA Community Edition 2021.3.3\bin -Dfile.encoding=UTF-8 
java_command: com.intellij.rt.junit.JUnitStarter -ideVersion5 -junit5 spoonacular.SomeTest,bTest
java_class_path (initial): C:\Users\U1\.m2\repository\org\junit\platform\junit-platform-launcher\1.9.0\junit-platform-launcher-1.9.0.jar;C:\Users\U1\.m2\repository\org\junit\vintage\junit-vintage-engine\5.9.0\junit-vintage-engine-5.9.0.jar;C:\Program Files\JetBrains\IntelliJ IDEA Community Edition 2021.3.3\lib\idea_rt.jar;C:\Program Files\JetBrains\IntelliJ IDEA Community Edition 2021.3.3\plugins\junit\lib\junit5-rt.jar;C:\Program Files\JetBrains\IntelliJ IDEA Community Edition 2021.3.3\plugins\junit\lib\junit-rt.jar;E:\\\ backend  Java\\DZ-4\target\test-classes;E:\\\ backend  Java\\DZ-4\target\classes;C:\Users\U1\.m2\repository\org\junit\jupiter\junit-jupiter\5.9.0\junit-jupiter-5.9.0.jar;C:\Users\U1\.m2\repository\org\junit\jupiter\junit-jupiter-api\5.9.0\junit-jupiter-api-5.9.0.jar;C:\Users\U1\.m2\repository\org\opentest4j\opentest4j\1.2.0\opentest4j-1.2.0.jar;C:\Users\U1\.m2\repository\org\junit\platform\junit-platform-commons\1.9.0\junit-platform-commons-1.9.0.jar;C:\Users\U1\.m2\repository\org\apiguardian\apiguardian-api\1.1.2\apiguardian-api-1.1.2.jar;C:\Users\U1\.m2\repository\org\junit\jupiter\junit-jupiter-params\5.9.0\junit-jupiter-params-5.9.0.jar;C:\Users\U1\.m2\repository\org\junit\jupiter\junit-jupiter-engine\5.9.0\junit-jupiter-engine-5.9.0.jar;C:\Users\U1\.m2\repository\org\junit\platform\junit-platform-engine\1.9.0\junit-platform-engine-1.9.0.jar;C:\Users\U1\.m2\repository\org\assertj\assertj-core\3.23.1\assertj-core-3.23.1.jar;C:\Users\U1\.m2\repository\net\bytebuddy\byte-buddy\1.12.10\byte-buddy-1.12.10.jar;C:\Users\U1\.m2\repository\io\rest-assured\rest-assured\5.1.1\rest-assured-5.1.1.jar;C:\Users\U1\.m2\repository\org\apache\groovy\groovy\4.0.1\groovy-4.0.1.jar;C:\Users\U1\.m2\repository\org\apache\groovy\groovy-xml\4.0.1\groovy-xml-4.0.1.jar;C:\Users\U1\.m2\repository\org\apache\httpcomponents\httpclient\4.5.13\httpclient-4.5.13.jar;C:\Users\U1\.m2\repository\org\apache\httpcomponents\httpcore\4.4.13\httpcore-4.4.13.jar;C:\Users\U1\.m2\repository\commons-logging\commons-logging\1.2\commons-logging-1.2.jar;C:\Users\U1\.m2\repository\commons-codec\commons-codec\1.11\commons-codec-1.11.jar;C:\Users\U1\.m2\repository\org\apache\httpcomponents\httpmime\4.5.13\httpmime-4.5.13.jar;C:\Users\U1\.m2\repository\org\hamcrest\hamcrest\2.1\hamcrest-2.1.jar;C:\Users\U1\.m2\repository\org\ccil\cowan\tagsoup\tagsoup\1.2.1\tagsoup-1.2.1.jar;C:\Users\U1\.m2\repository\io\rest-assured\json-path\5.1.1\json-path-5.1.1.jar;C:\Users\U1\.m2\repository\org\apache\groovy\groovy-json\4.0.1\groovy-json-4.0.1.jar;C:\Users\U1\.m2\repository\io\rest-assured\rest-assured-common\5.1.1\rest-assured-common-5.1.1.jar;C:\Users\U1\.m2\repository\io\rest-assured\xml-path\5.1.1\xml-path-5.1.1.jar;C:\Users\U1\.m2\repository\org\apache\commons\commons-lang3\3.11\commons-lang3-3.11.jar;C:\Users\U1\.m2\repository\net\javacrumbs\json-unit\json-unit\2.35.0\json-unit-2.35.0.jar;C:\Users\U1\.m2\repository\net\javacrumbs\json-unit\json-unit-core\2.35.0\json-unit-core-2.35.0.jar;C:\Users\U1\.m2\repository\com\fasterxml\jackson\core\jackson-core\2.13.3\jackson-core-2.13.3.jar;C:\Users\U1\.m2\repository\com\fasterxml\jackson\core\jackson-databind\2.13.3\jackson-databind-2.13.3.jar;C:\Users\U1\.m2\repository\com\fasterxml\jackson\core\jackson-annotations\2.13.3\jackson-annotations-2.13.3.jar;C:\Users\U1\.m2\repository\junit\junit\4.12\junit-4.12.jar;C:\Users\U1\.m2\repository\org\hamcrest\hamcrest-core\1.3\hamcrest-core-1.3.jar
Launcher Type: SUN_STANDARD

[Global flags]
     intx CICompilerCount                          = 3                                         {product} {ergonomic}
     uint ConcGCThreads                            = 1                                         {product} {ergonomic}
     uint G1ConcRefinementThreads                  = 4                                         {product} {ergonomic}
   size_t G1HeapRegionSize                         = 2097152                                   {product} {ergonomic}
    uintx GCDrainStackTargetSize                   = 64                                        {product} {ergonomic}
   size_t InitialHeapSize                          = 268435456                                 {product} {ergonomic}
   size_t MarkStackSize                            = 4194304                                   {product} {ergonomic}
   size_t MaxHeapSize                              = 4278190080                                {product} {ergonomic}
   size_t MaxNewSize                               = 2566914048                                {product} {ergonomic}
   size_t MinHeapDeltaBytes                        = 2097152                                   {product} {ergonomic}
   size_t MinHeapSize                              = 8388608                                   {product} {ergonomic}
    uintx NonNMethodCodeHeapSize                   = 5832780                                {pd product} {ergonomic}
    uintx NonProfiledCodeHeapSize                  = 122912730                              {pd product} {ergonomic}
    uintx ProfiledCodeHeapSize                     = 122912730                              {pd product} {ergonomic}
    uintx ReservedCodeCacheSize                    = 251658240                              {pd product} {ergonomic}
     bool SegmentedCodeCache                       = true                                      {product} {ergonomic}
   size_t SoftMaxHeapSize                          = 4278190080                             {manageable} {ergonomic}
     bool UseCompressedClassPointers               = true                           {product lp64_product} {ergonomic}
     bool UseCompressedOops                        = true                           {product lp64_product} {ergonomic}
     bool UseG1GC                                  = true                                      {product} {ergonomic}
     bool UseLargePagesIndividualAllocation        = false                                  {pd product} {ergonomic}

Logging:
Log output configuration:
 #0: stdout all=warning uptime,level,tags foldmultilines=false
 #1: stderr all=off uptime,level,tags foldmultilines=false

Environment Variables:
PATH=C:\Program Files (x86)\Common Files\Intel\Shared Libraries\redist\intel64\compiler;C:\ProgramData\Oracle\Java\javapath;C:\Python39\Scripts\;C:\Python39\;C:\Program Files\Common Files\Oracle\Java\javapath;C:\Windows\system32;C:\Windows;C:\Windows\System32\Wbem;C:\Windows\System32\WindowsPowerShell\v1.0\;C:\Windows\System32\OpenSSH\;C:\Program Files\NVIDIA Corporation\NVIDIA NvDLISR;C:\Program Files (x86)\NVIDIA Corporation\PhysX\Common;C:\Program Files\PuTTY\;C:\Program Files\Git\cmd;C:\Users\U1\AppData\Local\Microsoft\WindowsApps;;C:\Users\U1\AppData\Local\Programs\Microsoft VS Code\bin;C:\Users\U1\AppData\Local\Programs\Fiddler
USERNAME=U1
OS=Windows_NT
PROCESSOR_IDENTIFIER=AMD64 Family 23 Model 17 Stepping 0, AuthenticAMD



---------------  S Y S T E M  ---------------

OS:
 Windows 10 , 64 bit Build 19041 (10.0.19041.1889)
OS uptime: 1 days 6:19 hours

CPU: total 4 (initial active 4) (4 cores per cpu, 1 threads per core) family 23 model 17 stepping 0 microcode 0x0, cx8, cmov, fxsr, mmx, 3dnowpref, sse, sse2, sse3, ssse3, sse4a, sse4.1, sse4.2, popcnt, lzcnt, tsc, tscinvbit, avx, avx2, aes, clmul, bmi1, bmi2, adx, sha, fma, vzeroupper, clflush, clflushopt

Memory: 4k page, system-wide physical 16313M (8214M free)
TotalPageFile size 18745M (AvailPageFile size 5987M)
current process WorkingSet (physical memory assigned to process): 112M, peak: 112M
current process commit charge ("private bytes"): 367M, peak: 367M

vm_info: OpenJDK 64-Bit Server VM (18.0.2.1+1-1) for windows-amd64 JRE (18.0.2.1+1-1), built on Aug 16 2022 01:44:29 by "mach5one" with MS VC++ 16.8 / 16.9 (VS2019)

END.
